2020/11/15 20:00:46 Ready
2020/11/15 20:00:46 Keys 434
2020/11/15 20:00:46 map[1:1 2:2 3:3 4:4 5:5 6:6 7:7 8:8 9:9 10:10 11:11 12:12 13:13 14:14 15:54 16:54 17:53 18:52 19:51 20:50 21:49 22:48 23:47 24:46 25:45 26:44 27:86 28:42 29:29 30:40 31:39 32:38 33:37 34:36 35:35 36:34 37:33 38:32 39:31 40:30 41:41 42:42 43:58 44:26 45:25 46:24 47:23 48:22 49:21 50:20 51:19 52:18 53:17 54:16 55:55 56:56 57:57 58:43 59:59 60:60 61:61 62:62 63:63 64:64 65:57 66:28 67:57 68:68 69:69 71:71 72:72 73:73 74:74 75:75 76:76 77:77 78:78 79:79 80:80 81:81 82:82 83:83 86:27 87:87 88:88 96:96 97:97 98:98 100:100 102:102 103:103 104:104 105:105 106:106 107:107 108:108 109:109 110:110 111:111 125:125]
2020/11/15 20:00:57 map from KEY_C to KEY_O
2020/11/15 20:00:57 map from KEY_C to KEY_O
2020/11/15 20:00:57 map from KEY_D to KEY_L
2020/11/15 20:00:57 map from KEY_D to KEY_L
2020/11/15 20:00:57 map from KEY_APOSTROPHE to KEY_A
2020/11/15 20:00:57 map from KEY_APOSTROPHE to KEY_A
2020/11/15 20:00:58 map from KEY_F7 to KEY_SPACE
2020/11/15 20:00:59 map from KEY_F7 to KEY_SPACE
2020/11/15 20:00:59 map from KEY_O to KEY_C
2020/11/15 20:00:59 map from KEY_O to KEY_C
2020/11/15 20:00:59 map from KEY_C to KEY_O
2020/11/15 20:01:00 map from KEY_C to KEY_O
2020/11/15 20:01:00 map from KEY_Y to KEY_N
2020/11/15 20:01:00 map from KEY_Y to KEY_N
2020/11/15 20:01:00 map from KEY_C to KEY_O
2020/11/15 20:01:00 map from KEY_C to KEY_O
2020/11/15 20:01:02 map from KEY_T to KEY_M
2020/11/15 20:01:02 map from KEY_T to KEY_M
2020/11/15 20:01:02 map from KEY_C to KEY_O
2020/11/15 20:01:02 map from KEY_C to KEY_O
2020/11/15 20:01:02 map from KEY_F7 to KEY_SPACE
2020/11/15 20:01:02 map from KEY_F7 to KEY_SPACE
2020/11/15 20:01:03 map from KEY_DOT to KEY_E
2020/11/15 20:01:03 map from KEY_SEMICOLON to KEY_S
2020/11/15 20:01:03 map from KEY_DOT to KEY_E
2020/11/15 20:01:03 map from KEY_SEMICOLON to KEY_S
2020/11/15 20:01:03 map from KEY_M to KEY_T
2020/11/15 20:01:03 map from KEY_APOSTROPHE to KEY_A
2020/11/15 20:01:03 map from KEY_M to KEY_T
2020/11/15 20:01:03 map from KEY_SEMICOLON to KEY_S
2020/11/15 20:01:03 map from KEY_APOSTROPHE to KEY_A
2020/11/15 20:01:03 map from KEY_SEMICOLON to KEY_S
2020/11/15 20:01:03 map from KEY_F7 to KEY_SPACE
2020/11/15 20:01:03 map from KEY_F7 to KEY_SPACE
2020/11/15 20:01:04 map from KEY_M to KEY_T
2020/11/15 20:01:04 map from KEY_M to KEY_T
2020/11/15 20:01:04 map from KEY_V to KEY_I
2020/11/15 20:01:04 map from KEY_SEMICOLON to KEY_S
2020/11/15 20:01:04 map from KEY_V to KEY_I
2020/11/15 20:01:04 map from KEY_SEMICOLON to KEY_S
2020/11/15 20:01:04 map from KEY_V to KEY_I
2020/11/15 20:01:04 map from KEY_V to KEY_I
2020/11/15 20:01:05 map from KEY_V to KEY_I
2020/11/15 20:01:05 map from KEY_V to KEY_I
2020/11/15 20:01:08 map from KEY_F7 to KEY_SPACE
2020/11/15 20:01:08 map from KEY_F7 to KEY_SPACE
2020/11/15 20:01:09 map from KEY_F9 to KEY_SPACE
2020/11/15 20:01:09 map from KEY_F9 to KEY_SPACE
2020/11/15 20:01:09 map from KEY_F7 to KEY_SPACE
2020/11/15 20:01:09 map from KEY_F7 to KEY_SPACE
2020/11/15 20:01:10 map from KEY_F9 to KEY_SPACE
2020/11/15 20:01:10 map from KEY_F9 to KEY_SPACE
2020/11/15 20:01:12 map from KEY_RIGHTSHIFT to KEY_Q
2020/11/15 20:01:12 map from KEY_RIGHTSHIFT to KEY_Q
2020/11/15 20:01:14 map from KEY_CAPSLOCK to KEY_BACKSLASH
2020/11/15 20:01:14 map from KEY_CAPSLOCK to KEY_BACKSLASH
2020/11/15 20:01:14 map from KEY_CAPSLOCK to KEY_BACKSLASH
2020/11/15 20:01:14 map from KEY_CAPSLOCK to KEY_BACKSLASH
2020/11/15 20:01:14 map from KEY_CAPSLOCK to KEY_BACKSLASH
2020/11/15 20:01:15 map from KEY_CAPSLOCK to KEY_BACKSLASH
2020/11/15 20:01:15 map from KEY_CAPSLOCK to KEY_BACKSLASH
2020/11/15 20:01:15 map from KEY_CAPSLOCK to KEY_BACKSLASH
2020/11/15 20:01:16 map from KEY_102ND to KEY_RIGHTBRACE
2020/11/15 20:01:16 map from KEY_102ND to KEY_RIGHTBRACE
2020/11/15 20:01:16 map from KEY_102ND to KEY_RIGHTBRACE
2020/11/15 20:01:16 map from KEY_102ND to KEY_RIGHTBRACE
2020/11/15 20:01:16 map from KEY_Z to KEY_LEFTBRACE
2020/11/15 20:01:16 map from KEY_Z to KEY_LEFTBRACE
2020/11/15 20:01:16 map from KEY_Z to KEY_LEFTBRACE
2020/11/15 20:01:16 map from KEY_Z to KEY_LEFTBRACE
2020/11/15 20:01:17 map from KEY_102ND to KEY_RIGHTBRACE
2020/11/15 20:01:18 map from KEY_102ND to KEY_RIGHTBRACE
2020/11/15 20:01:18 map from KEY_Z to KEY_LEFTBRACE
2020/11/15 20:01:18 map from KEY_Z to KEY_LEFTBRACE
2020/11/15 20:01:18 map from KEY_X to KEY_P
2020/11/15 20:01:18 map from KEY_X to KEY_P
2020/11/15 20:01:19 map from KEY_C to KEY_O
2020/11/15 20:01:19 map from KEY_C to KEY_O
2020/11/15 20:01:19 map from KEY_V to KEY_I
2020/11/15 20:01:19 map from KEY_V to KEY_I
2020/11/15 20:01:19 map from KEY_B to KEY_U
2020/11/15 20:01:19 map from KEY_B to KEY_U
2020/11/15 20:01:19 map from KEY_N to KEY_Y
2020/11/15 20:01:19 map from KEY_N to KEY_Y
2020/11/15 20:01:21 map from KEY_N to KEY_Y
2020/11/15 20:01:21 map from KEY_N to KEY_Y
2020/11/15 20:01:21 map from KEY_N to KEY_Y
2020/11/15 20:01:21 map from KEY_N to KEY_Y
2020/11/15 20:01:21 map from KEY_M to KEY_T
2020/11/15 20:01:21 map from KEY_M to KEY_T
2020/11/15 20:01:21 map from KEY_M to KEY_T
2020/11/15 20:01:21 map from KEY_M to KEY_T
2020/11/15 20:01:23 map from KEY_APOSTROPHE to KEY_A
2020/11/15 20:01:23 map from KEY_APOSTROPHE to KEY_A
2020/11/15 20:01:23 map from KEY_U to KEY_B
2020/11/15 20:01:23 map from KEY_U to KEY_B
2020/11/15 20:01:24 map from KEY_O to KEY_C
2020/11/15 20:01:24 map from KEY_O to KEY_C
2020/11/15 20:01:24 map from KEY_L to KEY_D
2020/11/15 20:01:24 map from KEY_L to KEY_D
2020/11/15 20:01:24 map from KEY_DOT to KEY_E
2020/11/15 20:01:24 map from KEY_DOT to KEY_E
2020/11/15 20:01:25 map from KEY_K to KEY_F
2020/11/15 20:01:25 map from KEY_K to KEY_F
2020/11/15 20:01:25 map from KEY_J to KEY_G
2020/11/15 20:01:25 map from KEY_J to KEY_G
2020/11/15 20:01:26 map from KEY_V to KEY_I
2020/11/15 20:01:26 map from KEY_V to KEY_I
2020/11/15 20:01:26 map from KEY_G to KEY_J
2020/11/15 20:01:26 map from KEY_G to KEY_J
2020/11/15 20:01:27 map from KEY_F to KEY_K
2020/11/15 20:01:27 map from KEY_F to KEY_K
2020/11/15 20:01:27 map from KEY_D to KEY_L
2020/11/15 20:01:27 map from KEY_D to KEY_L
2020/11/15 20:01:27 map from KEY_T to KEY_M
2020/11/15 20:01:27 map from KEY_T to KEY_M
2020/11/15 20:01:27 map from KEY_Y to KEY_N
2020/11/15 20:01:27 map from KEY_Y to KEY_N
2020/11/15 20:01:28 map from KEY_C to KEY_O
2020/11/15 20:01:28 map from KEY_C to KEY_O
2020/11/15 20:01:28 map from KEY_X to KEY_P
2020/11/15 20:01:28 map from KEY_X to KEY_P
2020/11/15 20:01:29 map from KEY_RIGHTSHIFT to KEY_Q
2020/11/15 20:01:29 map from KEY_RIGHTSHIFT to KEY_Q
2020/11/15 20:01:30 map from KEY_COMMA to KEY_R
2020/11/15 20:01:30 map from KEY_COMMA to KEY_R
2020/11/15 20:01:30 map from KEY_SEMICOLON to KEY_S
2020/11/15 20:01:31 map from KEY_SEMICOLON to KEY_S
2020/11/15 20:01:31 map from KEY_M to KEY_T
2020/11/15 20:01:31 map from KEY_M to KEY_T
2020/11/15 20:01:31 map from KEY_B to KEY_U
2020/11/15 20:01:31 map from KEY_B to KEY_U
2020/11/15 20:01:32 map from KEY_I to KEY_V
2020/11/15 20:01:32 map from KEY_I to KEY_V
2020/11/15 20:01:32 map from KEY_SLASH to KEY_W
2020/11/15 20:01:32 map from KEY_SLASH to KEY_W
2020/11/15 20:01:33 map from KEY_P to KEY_X
2020/11/15 20:01:33 map from KEY_P to KEY_X
2020/11/15 20:01:34 map from KEY_N to KEY_Y
2020/11/15 20:01:34 map from KEY_N to KEY_Y
2020/11/15 20:01:34 map from KEY_LEFTBRACE to KEY_Z
2020/11/15 20:01:34 map from KEY_LEFTBRACE to KEY_Z
2020/11/15 20:01:37 map from KEY_F7 to KEY_SPACE
2020/11/15 20:01:37 map from KEY_F7 to KEY_SPACE
2020/11/15 20:01:38 map from KEY_F7 to KEY_SPACE
2020/11/15 20:01:38 map from KEY_F7 to KEY_SPACE
2020/11/15 20:01:38 map from KEY_F7 to KEY_SPACE
2020/11/15 20:01:38 map from KEY_F7 to KEY_SPACE
2020/11/15 20:01:38 map from KEY_F9 to KEY_SPACE
2020/11/15 20:01:38 map from KEY_F9 to KEY_SPACE
2020/11/15 20:01:38 map from KEY_F9 to KEY_SPACE
2020/11/15 20:01:39 map from KEY_F9 to KEY_SPACE
2020/11/15 20:01:39 map from KEY_F8 to KEY_ENTER
2020/11/15 20:01:39 map from KEY_F8 to KEY_ENTER
2020/11/15 20:01:39 map from KEY_F8 to KEY_ENTER
2020/11/15 20:01:39 map from KEY_F8 to KEY_ENTER
2020/11/15 20:01:40 map from KEY_F8 to KEY_ENTER
2020/11/15 20:01:40 map from KEY_F8 to KEY_ENTER
2020/11/15 20:01:40 map from KEY_F7 to KEY_SPACE
2020/11/15 20:01:40 map from KEY_F7 to KEY_SPACE
2020/11/15 20:01:40 map from KEY_F9 to KEY_SPACE
2020/11/15 20:01:40 map from KEY_F9 to KEY_SPACE
2020/11/15 20:01:40 map from KEY_F8 to KEY_ENTER
2020/11/15 20:01:40 map from KEY_F8 to KEY_ENTER
2020/11/15 20:01:58 map from KEY_SEMICOLON to KEY_S
2020/11/15 20:01:59 map from KEY_SEMICOLON to KEY_S
2020/11/15 20:02:03 map from KEY_SLASH to KEY_W
2020/11/15 20:02:03 map from KEY_SLASH to KEY_W
2020/11/15 20:02:04 map from KEY_SLASH to KEY_W
2020/11/15 20:02:04 map from KEY_SLASH to KEY_W
2020/11/15 20:02:04 map from KEY_SLASH to KEY_W
2020/11/15 20:02:04 map from KEY_SLASH to KEY_W
2020/11/15 20:02:05 map from KEY_SLASH to KEY_W
2020/11/15 20:02:05 map from KEY_SLASH to KEY_W
2020/11/15 20:02:06 map from KEY_ENTER to KEY_LEFTSHIFT
2020/11/15 20:02:06 map from KEY_SLASH to KEY_W
2020/11/15 20:02:06 map from KEY_SLASH to KEY_W
2020/11/15 20:02:06 map from KEY_ENTER to KEY_LEFTSHIFT
2020/11/15 20:02:08 map from KEY_ENTER to KEY_LEFTSHIFT
2020/11/15 20:02:08 map from KEY_SLASH to KEY_W
2020/11/15 20:02:08 map from KEY_SLASH to KEY_W
2020/11/15 20:02:08 map from KEY_SLASH to KEY_W
2020/11/15 20:02:08 map from KEY_SLASH to KEY_W
2020/11/15 20:02:09 map from KEY_SLASH to KEY_W
2020/11/15 20:02:09 map from KEY_SLASH to KEY_W
2020/11/15 20:02:09 map from KEY_ENTER to KEY_LEFTSHIFT
2020/11/15 20:02:09 map from KEY_SLASH to KEY_W
2020/11/15 20:02:09 map from KEY_SLASH to KEY_W
2020/11/15 20:02:09 map from KEY_SLASH to KEY_W
2020/11/15 20:02:09 map from KEY_SLASH to KEY_W
2020/11/15 20:02:09 map from KEY_SLASH to KEY_W
2020/11/15 20:02:09 map from KEY_SLASH to KEY_W
2020/11/15 20:02:10 map from KEY_ENTER to KEY_LEFTSHIFT
2020/11/15 20:02:10 map from KEY_SLASH to KEY_W
2020/11/15 20:02:10 map from KEY_SLASH to KEY_W
2020/11/15 20:02:10 map from KEY_SLASH to KEY_W
2020/11/15 20:02:10 map from KEY_SLASH to KEY_W
2020/11/15 20:02:10 map from KEY_ENTER to KEY_LEFTSHIFT
2020/11/15 20:02:10 map from KEY_SLASH to KEY_W
2020/11/15 20:02:10 map from KEY_SLASH to KEY_W
2020/11/15 20:02:11 map from KEY_SLASH to KEY_W
2020/11/15 20:02:11 map from KEY_SLASH to KEY_W
2020/11/15 20:02:47 map from KEY_BACKSLASH to KEY_CAPSLOCK
2020/11/15 20:02:48 map from KEY_BACKSLASH to KEY_CAPSLOCK
2020/11/15 20:02:48 map from KEY_BACKSLASH to KEY_CAPSLOCK
2020/11/15 20:02:48 map from KEY_SLASH to KEY_W
2020/11/15 20:02:48 map from KEY_SLASH to KEY_W
2020/11/15 20:02:48 map from KEY_DOT to KEY_E
2020/11/15 20:02:48 map from KEY_DOT to KEY_E
2020/11/15 20:02:49 map from KEY_BACKSLASH to KEY_CAPSLOCK
2020/11/15 20:02:53 map from KEY_BACKSLASH to KEY_CAPSLOCK
2020/11/15 20:02:53 map from KEY_BACKSLASH to KEY_CAPSLOCK
2020/11/15 20:02:53 map from KEY_BACKSLASH to KEY_CAPSLOCK
2020/11/15 20:02:53 map from KEY_BACKSLASH to KEY_CAPSLOCK
2020/11/15 20:02:54 map from KEY_BACKSLASH to KEY_CAPSLOCK
2020/11/15 20:02:54 map from KEY_BACKSLASH to KEY_CAPSLOCK
2020/11/15 20:02:54 map from KEY_BACKSLASH to KEY_CAPSLOCK
2020/11/15 20:02:54 map from KEY_BACKSLASH to KEY_CAPSLOCK
2020/11/15 20:02:54 map from KEY_BACKSLASH to KEY_CAPSLOCK
2020/11/15 20:02:54 map from KEY_BACKSLASH to KEY_CAPSLOCK
2020/11/15 20:02:55 map from KEY_BACKSLASH to KEY_CAPSLOCK
2020/11/15 20:02:55 map from KEY_BACKSLASH to KEY_CAPSLOCK
2020/11/15 20:02:55 map from KEY_BACKSLASH to KEY_CAPSLOCK
2020/11/15 20:02:56 map from KEY_BACKSLASH to KEY_CAPSLOCK
2020/11/15 20:02:57 map from KEY_BACKSLASH to KEY_CAPSLOCK
2020/11/15 20:02:58 map from KEY_BACKSLASH to KEY_CAPSLOCK
2020/11/15 20:02:58 map from KEY_BACKSLASH to KEY_CAPSLOCK
2020/11/15 20:02:58 map from KEY_BACKSLASH to KEY_CAPSLOCK
2020/11/15 20:02:59 map from KEY_SLASH to KEY_W
2020/11/15 20:02:59 map from KEY_SLASH to KEY_W
2020/11/15 20:02:59 map from KEY_DOT to KEY_E
2020/11/15 20:02:59 map from KEY_DOT to KEY_E
2020/11/15 20:02:59 map from KEY_BACKSLASH to KEY_CAPSLOCK
2020/11/15 20:03:00 map from KEY_BACKSLASH to KEY_CAPSLOCK
2020/11/15 20:03:00 map from KEY_BACKSLASH to KEY_CAPSLOCK
2020/11/15 20:03:00 map from KEY_BACKSLASH to KEY_CAPSLOCK
2020/11/15 20:03:00 map from KEY_BACKSLASH to KEY_CAPSLOCK
2020/11/15 20:03:00 map from KEY_BACKSLASH to KEY_CAPSLOCK
2020/11/15 20:03:00 map from KEY_BACKSLASH to KEY_CAPSLOCK
2020/11/15 20:03:01 map from KEY_BACKSLASH to KEY_CAPSLOCK
2020/11/15 20:03:01 map from KEY_BACKSLASH to KEY_CAPSLOCK
2020/11/15 20:03:02 map from KEY_BACKSLASH to KEY_CAPSLOCK
2020/11/15 20:03:02 map from KEY_BACKSLASH to KEY_CAPSLOCK
2020/11/15 20:03:03 map from KEY_BACKSLASH to KEY_CAPSLOCK
2020/11/15 20:03:03 map from KEY_Y to KEY_N
2020/11/15 20:03:03 map from KEY_Y to KEY_N
2020/11/15 20:03:03 map from KEY_Y to KEY_N
2020/11/15 20:03:03 map from KEY_Y to KEY_N
2020/11/15 20:03:03 map from KEY_U to KEY_B
2020/11/15 20:03:03 map from KEY_U to KEY_B
2020/11/15 20:03:04 map from KEY_T to KEY_M
2020/11/15 20:03:04 map from KEY_T to KEY_M
2020/11/15 20:03:05 map from KEY_BACKSLASH to KEY_CAPSLOCK
2020/11/15 20:03:09 map from KEY_BACKSLASH to KEY_CAPSLOCK
2020/11/15 20:03:09 map from KEY_BACKSLASH to KEY_CAPSLOCK
2020/11/15 20:03:09 map from KEY_BACKSLASH to KEY_CAPSLOCK
2020/11/15 20:03:09 map from KEY_BACKSLASH to KEY_CAPSLOCK
2020/11/15 20:03:09 map from KEY_BACKSLASH to KEY_CAPSLOCK
2020/11/15 20:03:09 map from KEY_BACKSLASH to KEY_CAPSLOCK
2020/11/15 20:03:09 map from KEY_BACKSLASH to KEY_CAPSLOCK
2020/11/15 20:03:09 map from KEY_BACKSLASH to KEY_CAPSLOCK
2020/11/15 20:03:09 map from KEY_BACKSLASH to KEY_CAPSLOCK
2020/11/15 20:03:09 map from KEY_BACKSLASH to KEY_CAPSLOCK
2020/11/15 20:03:09 map from KEY_BACKSLASH to KEY_CAPSLOCK
2020/11/15 20:03:09 map from KEY_BACKSLASH to KEY_CAPSLOCK
2020/11/15 20:03:10 map from KEY_BACKSLASH to KEY_CAPSLOCK
2020/11/15 20:03:10 map from KEY_BACKSLASH to KEY_CAPSLOCK
2020/11/15 20:03:10 map from KEY_BACKSLASH to KEY_CAPSLOCK
2020/11/15 20:03:10 map from KEY_BACKSLASH to KEY_CAPSLOCK
2020/11/15 20:03:10 map from KEY_BACKSLASH to KEY_CAPSLOCK
2020/11/15 20:03:11 map from KEY_BACKSLASH to KEY_CAPSLOCK
2020/11/15 20:03:11 map from KEY_BACKSLASH to KEY_CAPSLOCK
2020/11/15 20:03:11 map from KEY_BACKSLASH to KEY_CAPSLOCK
2020/11/15 20:03:11 map from KEY_SLASH to KEY_W
2020/11/15 20:03:11 map from KEY_SLASH to KEY_W
2020/11/15 20:03:12 map from KEY_DOT to KEY_E
2020/11/15 20:03:12 map from KEY_DOT to KEY_E
2020/11/15 20:03:13 map from KEY_BACKSLASH to KEY_CAPSLOCK
2020/11/15 20:03:15 map from KEY_BACKSLASH to KEY_CAPSLOCK
2020/11/15 20:03:15 map from KEY_BACKSLASH to KEY_CAPSLOCK
2020/11/15 20:03:17 map from KEY_ENTER to KEY_LEFTSHIFT
2020/11/15 20:03:17 map from KEY_ENTER to KEY_LEFTSHIFT
2020/11/15 20:03:19 map from KEY_ENTER to KEY_LEFTSHIFT
2020/11/15 20:03:19 map from KEY_BACKSLASH to KEY_CAPSLOCK
2020/11/15 20:03:19 map from KEY_BACKSLASH to KEY_CAPSLOCK
2020/11/15 20:03:19 map from KEY_BACKSLASH to KEY_CAPSLOCK
2020/11/15 20:03:19 map from KEY_BACKSLASH to KEY_CAPSLOCK
2020/11/15 20:03:19 map from KEY_BACKSLASH to KEY_CAPSLOCK
2020/11/15 20:03:19 map from KEY_BACKSLASH to KEY_CAPSLOCK
2020/11/15 20:03:19 map from KEY_BACKSLASH to KEY_CAPSLOCK
2020/11/15 20:03:19 map from KEY_BACKSLASH to KEY_CAPSLOCK
2020/11/15 20:03:19 map from KEY_BACKSLASH to KEY_CAPSLOCK
2020/11/15 20:03:19 map from KEY_BACKSLASH to KEY_CAPSLOCK
2020/11/15 20:03:19 map from KEY_BACKSLASH to KEY_CAPSLOCK
2020/11/15 20:03:20 map from KEY_BACKSLASH to KEY_CAPSLOCK
2020/11/15 20:03:20 map from KEY_BACKSLASH to KEY_CAPSLOCK
2020/11/15 20:03:20 map from KEY_BACKSLASH to KEY_CAPSLOCK
2020/11/15 20:03:20 map from KEY_BACKSLASH to KEY_CAPSLOCK
2020/11/15 20:03:20 map from KEY_BACKSLASH to KEY_CAPSLOCK
2020/11/15 20:03:20 map from KEY_BACKSLASH to KEY_CAPSLOCK
2020/11/15 20:03:20 map from KEY_BACKSLASH to KEY_CAPSLOCK
2020/11/15 20:03:20 map from KEY_BACKSLASH to KEY_CAPSLOCK
2020/11/15 20:03:20 map from KEY_BACKSLASH to KEY_CAPSLOCK
2020/11/15 20:03:20 map from KEY_BACKSLASH to KEY_CAPSLOCK
2020/11/15 20:03:20 map from KEY_BACKSLASH to KEY_CAPSLOCK
2020/11/15 20:03:20 map from KEY_BACKSLASH to KEY_CAPSLOCK
2020/11/15 20:03:20 map from KEY_BACKSLASH to KEY_CAPSLOCK
2020/11/15 20:03:20 map from KEY_BACKSLASH to KEY_CAPSLOCK
2020/11/15 20:03:20 map from KEY_BACKSLASH to KEY_CAPSLOCK
2020/11/15 20:03:20 map from KEY_BACKSLASH to KEY_CAPSLOCK
2020/11/15 20:03:20 map from KEY_BACKSLASH to KEY_CAPSLOCK
2020/11/15 20:03:20 map from KEY_BACKSLASH to KEY_CAPSLOCK
2020/11/15 20:03:20 map from KEY_BACKSLASH to KEY_CAPSLOCK
2020/11/15 20:03:20 map from KEY_BACKSLASH to KEY_CAPSLOCK
2020/11/15 20:03:20 map from KEY_BACKSLASH to KEY_CAPSLOCK
2020/11/15 20:03:20 map from KEY_BACKSLASH to KEY_CAPSLOCK
2020/11/15 20:03:20 map from KEY_BACKSLASH to KEY_CAPSLOCK
2020/11/15 20:03:20 map from KEY_BACKSLASH to KEY_CAPSLOCK
2020/11/15 20:03:20 map from KEY_BACKSLASH to KEY_CAPSLOCK
2020/11/15 20:03:21 map from KEY_BACKSLASH to KEY_CAPSLOCK
2020/11/15 20:03:21 map from KEY_BACKSLASH to KEY_CAPSLOCK
2020/11/15 20:03:21 map from KEY_BACKSLASH to KEY_CAPSLOCK
2020/11/15 20:03:21 map from KEY_BACKSLASH to KEY_CAPSLOCK
2020/11/15 20:03:21 map from KEY_BACKSLASH to KEY_CAPSLOCK
2020/11/15 20:03:21 map from KEY_BACKSLASH to KEY_CAPSLOCK
2020/11/15 20:03:21 map from KEY_BACKSLASH to KEY_CAPSLOCK
2020/11/15 20:03:21 map from KEY_SLASH to KEY_W
2020/11/15 20:03:21 map from KEY_SLASH to KEY_W
2020/11/15 20:03:21 map from KEY_BACKSLASH to KEY_CAPSLOCK
2020/11/15 20:03:21 map from KEY_ENTER to KEY_LEFTSHIFT
2020/11/15 20:03:23 map from KEY_SLASH to KEY_W
2020/11/15 20:03:23 map from KEY_SLASH to KEY_W
2020/11/15 20:03:23 map from KEY_SLASH to KEY_W
2020/11/15 20:03:23 map from KEY_SLASH to KEY_W
2020/11/15 20:03:24 map from KEY_SLASH to KEY_W
2020/11/15 20:03:24 map from KEY_SLASH to KEY_W
2020/11/15 20:03:25 map from KEY_RIGHTSHIFT to KEY_Q
2020/11/15 20:03:25 map from KEY_RIGHTSHIFT to KEY_Q
2020/11/15 20:03:27 map from KEY_ENTER to KEY_LEFTSHIFT
2020/11/15 20:03:27 map from KEY_BACKSLASH to KEY_CAPSLOCK
2020/11/15 20:03:27 map from KEY_RIGHTSHIFT to KEY_Q
2020/11/15 20:03:27 map from KEY_RIGHTSHIFT to KEY_Q
2020/11/15 20:03:28 map from KEY_BACKSLASH to KEY_CAPSLOCK
2020/11/15 20:03:28 map from KEY_ENTER to KEY_LEFTSHIFT
2020/11/15 20:03:30 map from KEY_ENTER to KEY_LEFTSHIFT
2020/11/15 20:03:30 map from KEY_ENTER to KEY_LEFTSHIFT
2020/11/15 20:03:31 map from KEY_BACKSLASH to KEY_CAPSLOCK
2020/11/15 20:03:32 map from KEY_BACKSLASH to KEY_CAPSLOCK
2020/11/15 20:03:32 map from KEY_BACKSLASH to KEY_CAPSLOCK
2020/11/15 20:03:32 map from KEY_BACKSLASH to KEY_CAPSLOCK
2020/11/15 20:03:33 map from KEY_BACKSLASH to KEY_CAPSLOCK
2020/11/15 20:03:33 map from KEY_BACKSLASH to KEY_CAPSLOCK
2020/11/15 20:03:33 map from KEY_DOT to KEY_E
2020/11/15 20:03:33 map from KEY_DOT to KEY_E
2020/11/15 20:03:33 map from KEY_BACKSLASH to KEY_CAPSLOCK
2020/11/15 20:03:34 map from KEY_BACKSLASH to KEY_CAPSLOCK
2020/11/15 20:03:34 map from KEY_BACKSLASH to KEY_CAPSLOCK
2020/11/15 20:03:34 map from KEY_BACKSLASH to KEY_CAPSLOCK
2020/11/15 20:03:34 map from KEY_SLASH to KEY_W
2020/11/15 20:03:34 map from KEY_SLASH to KEY_W
2020/11/15 20:03:35 map from KEY_BACKSLASH to KEY_CAPSLOCK
2020/11/15 20:03:35 map from KEY_BACKSLASH to KEY_CAPSLOCK
2020/11/15 20:03:35 map from KEY_DOT to KEY_E
2020/11/15 20:03:35 map from KEY_DOT to KEY_E
2020/11/15 20:03:35 map from KEY_BACKSLASH to KEY_CAPSLOCK
2020/11/15 20:03:36 map from KEY_BACKSLASH to KEY_CAPSLOCK
2020/11/15 20:03:36 map from KEY_DOT to KEY_E
2020/11/15 20:03:36 map from KEY_DOT to KEY_E
2020/11/15 20:03:36 map from KEY_BACKSLASH to KEY_CAPSLOCK
2020/11/15 20:03:36 map from KEY_BACKSLASH to KEY_CAPSLOCK
2020/11/15 20:03:36 map from KEY_SLASH to KEY_W
2020/11/15 20:03:36 map from KEY_SLASH to KEY_W
2020/11/15 20:03:36 map from KEY_BACKSLASH to KEY_CAPSLOCK
2020/11/15 20:03:37 map from KEY_BACKSLASH to KEY_CAPSLOCK
2020/11/15 20:03:37 map from KEY_BACKSLASH to KEY_CAPSLOCK
2020/11/15 20:03:37 map from KEY_BACKSLASH to KEY_CAPSLOCK
2020/11/15 20:03:37 map from KEY_BACKSLASH to KEY_CAPSLOCK
2020/11/15 20:03:37 map from KEY_BACKSLASH to KEY_CAPSLOCK
2020/11/15 20:03:37 map from KEY_BACKSLASH to KEY_CAPSLOCK
2020/11/15 20:03:42 map from KEY_BACKSLASH to KEY_CAPSLOCK
2020/11/15 20:03:42 map from KEY_BACKSLASH to KEY_CAPSLOCK
2020/11/15 20:03:42 map from KEY_BACKSLASH to KEY_CAPSLOCK
2020/11/15 20:03:45 map from KEY_BACKSLASH to KEY_CAPSLOCK
2020/11/15 20:03:45 map from KEY_BACKSLASH to KEY_CAPSLOCK
2020/11/15 20:03:45 map from KEY_BACKSLASH to KEY_CAPSLOCK
2020/11/15 20:03:45 map from KEY_BACKSLASH to KEY_CAPSLOCK
2020/11/15 20:03:45 map from KEY_BACKSLASH to KEY_CAPSLOCK
2020/11/15 20:03:45 map from KEY_BACKSLASH to KEY_CAPSLOCK
2020/11/15 20:03:45 map from KEY_BACKSLASH to KEY_CAPSLOCK
2020/11/15 20:03:45 map from KEY_DOT to KEY_E
2020/11/15 20:03:46 map from KEY_DOT to KEY_E
2020/11/15 20:03:46 map from KEY_BACKSLASH to KEY_CAPSLOCK
2020/11/15 20:03:46 map from KEY_BACKSLASH to KEY_CAPSLOCK
2020/11/15 20:03:46 map from KEY_SLASH to KEY_W
2020/11/15 20:03:46 map from KEY_SLASH to KEY_W
2020/11/15 20:03:46 map from KEY_BACKSLASH to KEY_CAPSLOCK
2020/11/15 20:03:47 map from KEY_BACKSLASH to KEY_CAPSLOCK
2020/11/15 20:03:47 map from KEY_DOT to KEY_E
2020/11/15 20:03:47 map from KEY_BACKSLASH to KEY_CAPSLOCK
2020/11/15 20:03:47 map from KEY_DOT to KEY_E
2020/11/15 20:03:47 map from KEY_BACKSLASH to KEY_CAPSLOCK
2020/11/15 20:03:47 map from KEY_SLASH to KEY_W
2020/11/15 20:03:48 map from KEY_BACKSLASH to KEY_CAPSLOCK
2020/11/15 20:03:48 map from KEY_SLASH to KEY_W
2020/11/15 20:03:48 map from KEY_BACKSLASH to KEY_CAPSLOCK
2020/11/15 20:03:48 map from KEY_DOT to KEY_E
2020/11/15 20:03:48 map from KEY_BACKSLASH to KEY_CAPSLOCK
2020/11/15 20:03:48 map from KEY_DOT to KEY_E
2020/11/15 20:03:48 map from KEY_BACKSLASH to KEY_CAPSLOCK
2020/11/15 20:03:48 map from KEY_DOT to KEY_E
2020/11/15 20:03:48 map from KEY_BACKSLASH to KEY_CAPSLOCK
2020/11/15 20:03:48 map from KEY_DOT to KEY_E
2020/11/15 20:03:48 map from KEY_BACKSLASH to KEY_CAPSLOCK
2020/11/15 20:03:49 map from KEY_DOT to KEY_E
2020/11/15 20:03:49 map from KEY_BACKSLASH to KEY_CAPSLOCK
2020/11/15 20:03:49 map from KEY_DOT to KEY_E
2020/11/15 20:03:49 map from KEY_BACKSLASH to KEY_CAPSLOCK
2020/11/15 20:03:49 map from KEY_DOT to KEY_E
2020/11/15 20:03:49 map from KEY_BACKSLASH to KEY_CAPSLOCK
2020/11/15 20:03:49 map from KEY_DOT to KEY_E
2020/11/15 20:04:01 map from KEY_RIGHTSHIFT to KEY_Q
2020/11/15 20:04:01 map from KEY_RIGHTSHIFT to KEY_Q
2020/11/15 20:04:01 map from KEY_RIGHTSHIFT to KEY_Q
2020/11/15 20:04:01 map from KEY_RIGHTSHIFT to KEY_Q
2020/11/15 20:04:01 map from KEY_RIGHTSHIFT to KEY_Q
2020/11/15 20:04:01 map from KEY_RIGHTSHIFT to KEY_Q
2020/11/15 20:04:01 map from KEY_RIGHTSHIFT to KEY_Q
2020/11/15 20:04:01 map from KEY_RIGHTSHIFT to KEY_Q
2020/11/15 20:04:01 map from KEY_RIGHTSHIFT to KEY_Q
2020/11/15 20:04:01 map from KEY_RIGHTSHIFT to KEY_Q
2020/11/15 20:04:01 map from KEY_RIGHTSHIFT to KEY_Q
2020/11/15 20:04:13 map from KEY_BACKSLASH to KEY_CAPSLOCK
2020/11/15 20:04:13 map from KEY_DOT to KEY_E
2020/11/15 20:04:13 map from KEY_DOT to KEY_E
2020/11/15 20:04:13 map from KEY_SLASH to KEY_W
2020/11/15 20:04:14 map from KEY_SLASH to KEY_W
2020/11/15 20:04:15 map from KEY_DOT to KEY_E
2020/11/15 20:04:15 map from KEY_DOT to KEY_E
2020/11/15 20:04:15 map from KEY_SLASH to KEY_W
2020/11/15 20:04:15 map from KEY_SLASH to KEY_W
2020/11/15 20:04:15 map from KEY_SLASH to KEY_W
2020/11/15 20:04:15 map from KEY_SLASH to KEY_W
2020/11/15 20:04:16 map from KEY_DOT to KEY_E
2020/11/15 20:04:16 map from KEY_DOT to KEY_E
2020/11/15 20:04:16 map from KEY_DOT to KEY_E
2020/11/15 20:04:16 map from KEY_DOT to KEY_E
2020/11/15 20:04:16 map from KEY_DOT to KEY_E
2020/11/15 20:04:17 map from KEY_DOT to KEY_E
2020/11/15 20:04:17 map from KEY_SLASH to KEY_W
2020/11/15 20:04:17 map from KEY_SLASH to KEY_W
2020/11/15 20:04:17 map from KEY_SLASH to KEY_W
2020/11/15 20:04:17 map from KEY_SLASH to KEY_W
2020/11/15 20:04:18 map from KEY_DOT to KEY_E
2020/11/15 20:04:18 map from KEY_DOT to KEY_E
2020/11/15 20:04:19 map from KEY_SLASH to KEY_W
2020/11/15 20:04:19 map from KEY_SLASH to KEY_W
2020/11/15 20:04:19 map from KEY_BACKSLASH to KEY_CAPSLOCK
2020/11/15 20:04:19 map from KEY_BACKSLASH to KEY_CAPSLOCK
2020/11/15 20:04:19 map from KEY_DOT to KEY_E
2020/11/15 20:04:20 map from KEY_DOT to KEY_E
2020/11/15 20:04:20 map from KEY_SLASH to KEY_W
2020/11/15 20:04:20 map from KEY_SLASH to KEY_W
2020/11/15 20:04:20 map from KEY_DOT to KEY_E
2020/11/15 20:04:20 map from KEY_DOT to KEY_E
2020/11/15 20:04:20 map from KEY_DOT to KEY_E
2020/11/15 20:04:21 map from KEY_DOT to KEY_E
2020/11/15 20:04:21 map from KEY_SLASH to KEY_W
2020/11/15 20:04:21 map from KEY_SLASH to KEY_W
2020/11/15 20:04:21 map from KEY_SLASH to KEY_W
2020/11/15 20:04:21 map from KEY_SLASH to KEY_W
2020/11/15 20:04:22 map from KEY_BACKSLASH to KEY_CAPSLOCK
2020/11/15 20:04:23 map from KEY_BACKSLASH to KEY_CAPSLOCK
2020/11/15 20:04:23 map from KEY_BACKSLASH to KEY_CAPSLOCK
2020/11/15 20:04:23 map from KEY_BACKSLASH to KEY_CAPSLOCK
2020/11/15 20:04:23 map from KEY_BACKSLASH to KEY_CAPSLOCK
2020/11/15 20:04:23 map from KEY_BACKSLASH to KEY_CAPSLOCK
2020/11/15 20:04:24 map from KEY_BACKSLASH to KEY_CAPSLOCK
2020/11/15 20:04:43 map from KEY_BACKSLASH to KEY_CAPSLOCK
2020/11/15 20:04:43 map from KEY_SLASH to KEY_W
2020/11/15 20:04:43 map from KEY_SLASH to KEY_W
2020/11/15 20:04:44 map from KEY_DOT to KEY_E
2020/11/15 20:04:44 map from KEY_DOT to KEY_E
2020/11/15 20:04:44 map from KEY_DOT to KEY_E
2020/11/15 20:04:44 map from KEY_DOT to KEY_E
2020/11/15 20:04:44 map from KEY_SLASH to KEY_W
2020/11/15 20:04:44 map from KEY_SLASH to KEY_W
2020/11/15 20:04:45 map from KEY_BACKSLASH to KEY_CAPSLOCK
2020/11/15 20:04:48 map from KEY_BACKSLASH to KEY_CAPSLOCK
2020/11/15 20:04:48 map from KEY_SLASH to KEY_W
2020/11/15 20:04:48 map from KEY_BACKSLASH to KEY_CAPSLOCK
2020/11/15 20:04:48 map from KEY_BACKSLASH to KEY_CAPSLOCK
2020/11/15 20:04:48 map from KEY_SLASH to KEY_W
2020/11/15 20:04:48 map from KEY_BACKSLASH to KEY_CAPSLOCK
2020/11/15 20:04:48 map from KEY_BACKSLASH to KEY_CAPSLOCK
2020/11/15 20:04:48 map from KEY_DOT to KEY_E
2020/11/15 20:04:48 map from KEY_DOT to KEY_E
2020/11/15 20:04:48 map from KEY_BACKSLASH to KEY_CAPSLOCK
2020/11/15 20:04:54 map from KEY_C to KEY_O
2020/11/15 20:04:54 map from KEY_C to KEY_O
2020/11/15 20:04:55 map from KEY_F to KEY_K
2020/11/15 20:04:55 map from KEY_F to KEY_K
2020/11/15 20:04:55 map from KEY_DOT to KEY_E
2020/11/15 20:04:55 map from KEY_DOT to KEY_E
2020/11/15 20:04:55 map from KEY_N to KEY_Y
2020/11/15 20:04:56 map from KEY_N to KEY_Y
2020/11/15 20:04:57 map from KEY_F7 to KEY_SPACE
2020/11/15 20:04:57 map from KEY_F7 to KEY_SPACE
2020/11/15 20:04:57 map from KEY_M to KEY_T
2020/11/15 20:04:57 map from KEY_M to KEY_T
2020/11/15 20:04:57 map from KEY_V to KEY_I
2020/11/15 20:04:57 map from KEY_SEMICOLON to KEY_S
2020/11/15 20:04:57 map from KEY_V to KEY_I
2020/11/15 20:04:57 map from KEY_SEMICOLON to KEY_S
2020/11/15 20:04:57 map from KEY_F7 to KEY_SPACE
2020/11/15 20:04:58 map from KEY_F7 to KEY_SPACE
2020/11/15 20:04:58 map from KEY_APOSTROPHE to KEY_A
2020/11/15 20:04:58 map from KEY_APOSTROPHE to KEY_A
2020/11/15 20:04:59 map from KEY_D to KEY_L
2020/11/15 20:04:59 map from KEY_D to KEY_L
2020/11/15 20:04:59 map from KEY_T to KEY_M
2020/11/15 20:04:59 map from KEY_C to KEY_O
2020/11/15 20:04:59 map from KEY_T to KEY_M
2020/11/15 20:04:59 map from KEY_C to KEY_O
2020/11/15 20:04:59 map from KEY_SEMICOLON to KEY_S
2020/11/15 20:04:59 map from KEY_SEMICOLON to KEY_S
2020/11/15 20:04:59 map from KEY_M to KEY_T
2020/11/15 20:04:59 map from KEY_M to KEY_T
2020/11/15 20:05:00 map from KEY_F7 to KEY_SPACE
2020/11/15 20:05:00 map from KEY_F7 to KEY_SPACE
2020/11/15 20:05:00 map from KEY_SLASH to KEY_W
2020/11/15 20:05:00 map from KEY_SLASH to KEY_W
2020/11/15 20:05:00 map from KEY_C to KEY_O
2020/11/15 20:05:00 map from KEY_C to KEY_O
2020/11/15 20:05:00 map from KEY_COMMA to KEY_R
2020/11/15 20:05:00 map from KEY_COMMA to KEY_R
2020/11/15 20:05:01 map from KEY_F to KEY_K
2020/11/15 20:05:01 map from KEY_F to KEY_K
2020/11/15 20:05:01 map from KEY_SEMICOLON to KEY_S
2020/11/15 20:05:01 map from KEY_SEMICOLON to KEY_S
2020/11/15 20:05:01 map from KEY_F7 to KEY_SPACE
2020/11/15 20:05:02 map from KEY_F7 to KEY_SPACE
2020/11/15 20:05:06 map from KEY_TAB to KEY_RIGHTSHIFT
2020/11/15 20:05:06 map from KEY_SLASH to KEY_W
2020/11/15 20:05:06 map from KEY_SLASH to KEY_W
2020/11/15 20:05:06 map from KEY_SLASH to KEY_W
2020/11/15 20:05:06 map from KEY_SLASH to KEY_W
2020/11/15 20:05:06 map from KEY_SLASH to KEY_W
2020/11/15 20:05:06 map from KEY_SLASH to KEY_W
2020/11/15 20:05:07 map from KEY_TAB to KEY_RIGHTSHIFT
2020/11/15 20:05:12 map from KEY_D to KEY_L
2020/11/15 20:05:12 map from KEY_D to KEY_L
